
Showing logs for build [32mcb-kubecd-environment-pr-208-49-frpd5-1[0m stage [32mfrom-build-pack[0m and container [32mstep-credential-initializer-x5xwj[0m
{"level":"info","ts":1587706890.3771956,"logger":"fallback-logger","caller":"logging/config.go:69","msg":"Fetch GitHub commit ID from kodata failed: open /var/run/ko/refs/heads/0.8.0-ns-support: no such file or directory"}
{"level":"info","ts":1587706890.3778691,"logger":"fallback-logger","caller":"creds-init/main.go:40","msg":"Credentials initialized."}

Showing logs for build [32mcb-kubecd-environment-pr-208-49-frpd5-1[0m stage [32mfrom-build-pack[0m and container [32mstep-working-dir-initializer-cgqh8[0m
{"level":"info","ts":1587706891.878031,"logger":"fallback-logger","caller":"logging/config.go:69","msg":"Fetch GitHub commit ID from kodata failed: open /var/run/ko/HEAD: no such file or directory"}
{"level":"info","ts":1587706891.8792968,"logger":"fallback-logger","caller":"bash/main.go:64","msg":"Successfully executed command \"sh -c mkdir -p /workspace/source\"; output "}

Showing logs for build [32mcb-kubecd-environment-pr-208-49-frpd5-1[0m stage [32mfrom-build-pack[0m and container [32mstep-place-tools[0m

Showing logs for build [32mcb-kubecd-environment-pr-208-49-frpd5-1[0m stage [32mfrom-build-pack[0m and container [32mstep-git-source-cb-kubecd-environment-pr-208-49-frpd5-fz76x[0m
{"level":"info","ts":1587706897.142687,"logger":"fallback-logger","caller":"logging/config.go:69","msg":"Fetch GitHub commit ID from kodata failed: open /var/run/ko/refs/heads/0.8.0-ns-support: no such file or directory"}
{"level":"info","ts":1587706898.2709398,"logger":"fallback-logger","caller":"git/git.go:103","msg":"Successfully cloned https://github.com/cb-kubecd/environment-pr-208-49-boot-gke-staging.git @ master in path /workspace/source"}

Showing logs for build [32mcb-kubecd-environment-pr-208-49-frpd5-1[0m stage [32mfrom-build-pack[0m and container [32mstep-git-merge[0m
Using SHAs from PULL_REFS=master:d739d7f927b9221ab70c6b821a2bd8b9ab3d4422,7:bd4798d94f3f2e9307c88a944003c347af9ac819
DEBUG: LC_ALL=C JX_LOG_LEVEL=error git fetch origin --unshallow bd4798d94f3f2e9307c88a944003c347af9ac819: d739d7f927b9221ab70c6b821a2bd8b9ab3d4422:
DEBUG: ran git fetch --unshallow origin bd4798d94f3f2e9307c88a944003c347af9ac819: d739d7f927b9221ab70c6b821a2bd8b9ab3d4422: in 
DEBUG: LC_ALL=C JX_LOG_LEVEL=error git branch
DEBUG: JX_LOG_LEVEL=error LC_ALL=C git checkout master
DEBUG: ran git checkout master in 
DEBUG: LC_ALL=C JX_LOG_LEVEL=error git reset --hard d739d7f927b9221ab70c6b821a2bd8b9ab3d4422
DEBUG: ran git reset --hard d739d7f927b9221ab70c6b821a2bd8b9ab3d4422 in 
DEBUG: LC_ALL=C JX_LOG_LEVEL=error git clean -fd .
DEBUG: ran clean --force -d . in 
DEBUG: LC_ALL=C JX_LOG_LEVEL=error git merge bd4798d94f3f2e9307c88a944003c347af9ac819
DEBUG: ran git merge bd4798d94f3f2e9307c88a944003c347af9ac819 in 
DEBUG: LC_ALL=C JX_LOG_LEVEL=error git log --format=%H%x1f%an%x1f%ae%x1f%cn%x1f%ce%x1f%s%n%b%x1e d739d7f927b9221ab70c6b821a2bd8b9ab3d4422..HEAD
Merged SHA bd4798d94f3f2e9307c88a944003c347af9ac819 with commit message 'chore: Promote bdd-nh-import-1587705628 to version 0.0.1' into base branch master

Showing logs for build [32mcb-kubecd-environment-pr-208-49-frpd5-1[0m stage [32mfrom-build-pack[0m and container [32mstep-build-helm-build[0m
WARNING: No $CHART_REPOSITORY defined so using the default value of: http://jenkins-x-chartmuseum:8080
Adding missing Helm repo: storage.googleapis.com https://storage.googleapis.com/chartmuseum.jenkins-x.io
WARNING: No secrets found on "helm/repos" due: reading the secret "helm/repos" from vault: no secret "helm/repos" not found in vault
Read credentials for https://storage.googleapis.com/chartmuseum.jenkins-x.io from vault helm/repos
Successfully added Helm repository storage.googleapis.com.
Adding missing Helm repo: jenkins-x-chartmuseum http://jenkins-x-chartmuseum:8080
WARNING: No secrets found on "helm/repos" due: reading the secret "helm/repos" from vault: no secret "helm/repos" not found in vault
Read credentials for http://jenkins-x-chartmuseum:8080 from vault helm/repos
Successfully added Helm repository jenkins-x-chartmuseum.
WARNING: No $CHART_REPOSITORY defined so using the default value of: http://jenkins-x-chartmuseum:8080
Adding missing Helm repo: chartmuseum.jenkins-x.io http://chartmuseum.jenkins-x.io
WARNING: No secrets found on "helm/repos" due: reading the secret "helm/repos" from vault: no secret "helm/repos" not found in vault
Read credentials for http://chartmuseum.jenkins-x.io from vault helm/repos
Successfully added Helm repository chartmuseum.jenkins-x.io.
