
Showing logs for build [32mcb-kubecd-environment-pr-208-49-48nxw-1[0m stage [32mfrom-build-pack[0m and container [32mstep-credential-initializer-c4xr9[0m
{"level":"info","ts":1587703592.5794468,"logger":"fallback-logger","caller":"logging/config.go:69","msg":"Fetch GitHub commit ID from kodata failed: open /var/run/ko/refs/heads/0.8.0-ns-support: no such file or directory"}
{"level":"info","ts":1587703592.5808177,"logger":"fallback-logger","caller":"creds-init/main.go:40","msg":"Credentials initialized."}

Showing logs for build [32mcb-kubecd-environment-pr-208-49-48nxw-1[0m stage [32mfrom-build-pack[0m and container [32mstep-working-dir-initializer-ggjlw[0m
{"level":"info","ts":1587703593.1983366,"logger":"fallback-logger","caller":"logging/config.go:69","msg":"Fetch GitHub commit ID from kodata failed: open /var/run/ko/HEAD: no such file or directory"}
{"level":"info","ts":1587703593.2008908,"logger":"fallback-logger","caller":"bash/main.go:64","msg":"Successfully executed command \"sh -c mkdir -p /workspace/source\"; output "}

Showing logs for build [32mcb-kubecd-environment-pr-208-49-48nxw-1[0m stage [32mfrom-build-pack[0m and container [32mstep-place-tools[0m

Showing logs for build [32mcb-kubecd-environment-pr-208-49-48nxw-1[0m stage [32mfrom-build-pack[0m and container [32mstep-git-source-cb-kubecd-environment-pr-208-49-48nxw-2wvnc[0m
{"level":"info","ts":1587703610.5042243,"logger":"fallback-logger","caller":"logging/config.go:69","msg":"Fetch GitHub commit ID from kodata failed: open /var/run/ko/refs/heads/0.8.0-ns-support: no such file or directory"}
{"level":"info","ts":1587703611.6483648,"logger":"fallback-logger","caller":"git/git.go:103","msg":"Successfully cloned https://github.com/cb-kubecd/environment-pr-208-49-boot-gke-staging.git @ master in path /workspace/source"}

Showing logs for build [32mcb-kubecd-environment-pr-208-49-48nxw-1[0m stage [32mfrom-build-pack[0m and container [32mstep-git-merge[0m
Using SHAs from PULL_REFS=master:6e442a6b58e2be3f39ae9ce8c5d30a0d47f26c1a,2:d730f218130131d9bab26d671ad20b8a09d2b446
DEBUG: LC_ALL=C JX_LOG_LEVEL=error git fetch origin --unshallow d730f218130131d9bab26d671ad20b8a09d2b446: 6e442a6b58e2be3f39ae9ce8c5d30a0d47f26c1a:
DEBUG: ran git fetch --unshallow origin d730f218130131d9bab26d671ad20b8a09d2b446: 6e442a6b58e2be3f39ae9ce8c5d30a0d47f26c1a: in 
DEBUG: LC_ALL=C JX_LOG_LEVEL=error git branch
DEBUG: LC_ALL=C JX_LOG_LEVEL=error git checkout master
DEBUG: ran git checkout master in 
DEBUG: LC_ALL=C JX_LOG_LEVEL=error git reset --hard 6e442a6b58e2be3f39ae9ce8c5d30a0d47f26c1a
DEBUG: ran git reset --hard 6e442a6b58e2be3f39ae9ce8c5d30a0d47f26c1a in 
DEBUG: LC_ALL=C JX_LOG_LEVEL=error git clean -fd .
DEBUG: ran clean --force -d . in 
DEBUG: LC_ALL=C JX_LOG_LEVEL=error git merge d730f218130131d9bab26d671ad20b8a09d2b446
DEBUG: ran git merge d730f218130131d9bab26d671ad20b8a09d2b446 in 
DEBUG: LC_ALL=C JX_LOG_LEVEL=error git log --format=%H%x1f%an%x1f%ae%x1f%cn%x1f%ce%x1f%s%n%b%x1e 6e442a6b58e2be3f39ae9ce8c5d30a0d47f26c1a..HEAD
Merged SHA d730f218130131d9bab26d671ad20b8a09d2b446 with commit message 'chore: Promote bdd-nh-1587703301 to version 0.0.1' into base branch master

Showing logs for build [32mcb-kubecd-environment-pr-208-49-48nxw-1[0m stage [32mfrom-build-pack[0m and container [32mstep-build-helm-build[0m
WARNING: No $CHART_REPOSITORY defined so using the default value of: http://jenkins-x-chartmuseum:8080
Adding missing Helm repo: storage.googleapis.com https://storage.googleapis.com/chartmuseum.jenkins-x.io
WARNING: No secrets found on "helm/repos" due: reading the secret "helm/repos" from vault: no secret "helm/repos" not found in vault
Read credentials for https://storage.googleapis.com/chartmuseum.jenkins-x.io from vault helm/repos
Successfully added Helm repository storage.googleapis.com.
Adding missing Helm repo: jenkins-x-chartmuseum http://jenkins-x-chartmuseum:8080
WARNING: No secrets found on "helm/repos" due: reading the secret "helm/repos" from vault: no secret "helm/repos" not found in vault
Read credentials for http://jenkins-x-chartmuseum:8080 from vault helm/repos
Successfully added Helm repository jenkins-x-chartmuseum.
WARNING: No $CHART_REPOSITORY defined so using the default value of: http://jenkins-x-chartmuseum:8080
Adding missing Helm repo: chartmuseum.jenkins-x.io http://chartmuseum.jenkins-x.io
WARNING: No secrets found on "helm/repos" due: reading the secret "helm/repos" from vault: no secret "helm/repos" not found in vault
Read credentials for http://chartmuseum.jenkins-x.io from vault helm/repos
Successfully added Helm repository chartmuseum.jenkins-x.io.
