
Showing logs for build [32mcb-kubecd-environment-pr-208-49-j2rdp-1[0m stage [32mfrom-build-pack[0m and container [32mstep-credential-initializer-krqx2[0m
{"level":"info","ts":1587702557.629956,"logger":"fallback-logger","caller":"logging/config.go:69","msg":"Fetch GitHub commit ID from kodata failed: open /var/run/ko/refs/heads/0.8.0-ns-support: no such file or directory"}
{"level":"info","ts":1587702557.6306062,"logger":"fallback-logger","caller":"creds-init/main.go:40","msg":"Credentials initialized."}

Showing logs for build [32mcb-kubecd-environment-pr-208-49-j2rdp-1[0m stage [32mfrom-build-pack[0m and container [32mstep-working-dir-initializer-9zn7m[0m
{"level":"info","ts":1587702558.4002016,"logger":"fallback-logger","caller":"logging/config.go:69","msg":"Fetch GitHub commit ID from kodata failed: open /var/run/ko/HEAD: no such file or directory"}
{"level":"info","ts":1587702558.4030192,"logger":"fallback-logger","caller":"bash/main.go:64","msg":"Successfully executed command \"sh -c mkdir -p /workspace/source\"; output "}

Showing logs for build [32mcb-kubecd-environment-pr-208-49-j2rdp-1[0m stage [32mfrom-build-pack[0m and container [32mstep-place-tools[0m

Showing logs for build [32mcb-kubecd-environment-pr-208-49-j2rdp-1[0m stage [32mfrom-build-pack[0m and container [32mstep-git-source-cb-kubecd-environment-pr-208-49-j2rdp-qctc8[0m
{"level":"info","ts":1587702564.6209674,"logger":"fallback-logger","caller":"logging/config.go:69","msg":"Fetch GitHub commit ID from kodata failed: open /var/run/ko/refs/heads/0.8.0-ns-support: no such file or directory"}
{"level":"info","ts":1587702565.6839213,"logger":"fallback-logger","caller":"git/git.go:103","msg":"Successfully cloned https://github.com/cb-kubecd/environment-pr-208-49-boot-gke-staging.git @ master in path /workspace/source"}

Showing logs for build [32mcb-kubecd-environment-pr-208-49-j2rdp-1[0m stage [32mfrom-build-pack[0m and container [32mstep-git-merge[0m
Using SHAs from PULL_REFS=master:b48b4d2d47361f5219e3389e97d8cc6a6e1a924b,1:b6d32003a4d0415b32baa9db8828a71ddcbfd825
DEBUG: LC_ALL=C JX_LOG_LEVEL=error git fetch origin --unshallow b6d32003a4d0415b32baa9db8828a71ddcbfd825: b48b4d2d47361f5219e3389e97d8cc6a6e1a924b:
DEBUG: ran git fetch --unshallow origin b6d32003a4d0415b32baa9db8828a71ddcbfd825: b48b4d2d47361f5219e3389e97d8cc6a6e1a924b: in 
DEBUG: LC_ALL=C JX_LOG_LEVEL=error git branch
DEBUG: LC_ALL=C JX_LOG_LEVEL=error git checkout master
DEBUG: ran git checkout master in 
DEBUG: LC_ALL=C JX_LOG_LEVEL=error git reset --hard b48b4d2d47361f5219e3389e97d8cc6a6e1a924b
DEBUG: ran git reset --hard b48b4d2d47361f5219e3389e97d8cc6a6e1a924b in 
DEBUG: LC_ALL=C JX_LOG_LEVEL=error git clean -fd .
DEBUG: ran clean --force -d . in 
DEBUG: LC_ALL=C JX_LOG_LEVEL=error git merge b6d32003a4d0415b32baa9db8828a71ddcbfd825
DEBUG: ran git merge b6d32003a4d0415b32baa9db8828a71ddcbfd825 in 
DEBUG: LC_ALL=C JX_LOG_LEVEL=error git log --format=%H%x1f%an%x1f%ae%x1f%cn%x1f%ce%x1f%s%n%b%x1e b48b4d2d47361f5219e3389e97d8cc6a6e1a924b..HEAD
Merged SHA b6d32003a4d0415b32baa9db8828a71ddcbfd825 with commit message 'chore: Promote bdd-spring-1587702144 to version 0.0.1' into base branch master

Showing logs for build [32mcb-kubecd-environment-pr-208-49-j2rdp-1[0m stage [32mfrom-build-pack[0m and container [32mstep-build-helm-build[0m
WARNING: No $CHART_REPOSITORY defined so using the default value of: http://jenkins-x-chartmuseum:8080
Adding missing Helm repo: storage.googleapis.com https://storage.googleapis.com/chartmuseum.jenkins-x.io
WARNING: No secrets found on "helm/repos" due: reading the secret "helm/repos" from vault: no secret "helm/repos" not found in vault
Read credentials for https://storage.googleapis.com/chartmuseum.jenkins-x.io from vault helm/repos
Successfully added Helm repository storage.googleapis.com.
Adding missing Helm repo: jenkins-x-chartmuseum http://jenkins-x-chartmuseum:8080
WARNING: No secrets found on "helm/repos" due: reading the secret "helm/repos" from vault: no secret "helm/repos" not found in vault
Read credentials for http://jenkins-x-chartmuseum:8080 from vault helm/repos
Successfully added Helm repository jenkins-x-chartmuseum.
WARNING: No $CHART_REPOSITORY defined so using the default value of: http://jenkins-x-chartmuseum:8080
Adding missing Helm repo: chartmuseum.jenkins-x.io http://chartmuseum.jenkins-x.io
WARNING: No secrets found on "helm/repos" due: reading the secret "helm/repos" from vault: no secret "helm/repos" not found in vault
Read credentials for http://chartmuseum.jenkins-x.io from vault helm/repos
Successfully added Helm repository chartmuseum.jenkins-x.io.
