
Showing logs for build [32mcb-kubecd-environment-pr-208-49-6nnjv-2[0m stage [32mfrom-build-pack[0m and container [32mstep-credential-initializer-jpl7z[0m
{"level":"info","ts":1587707475.3627625,"logger":"fallback-logger","caller":"logging/config.go:69","msg":"Fetch GitHub commit ID from kodata failed: open /var/run/ko/refs/heads/0.8.0-ns-support: no such file or directory"}
{"level":"info","ts":1587707475.3636286,"logger":"fallback-logger","caller":"creds-init/main.go:40","msg":"Credentials initialized."}

Showing logs for build [32mcb-kubecd-environment-pr-208-49-6nnjv-2[0m stage [32mfrom-build-pack[0m and container [32mstep-working-dir-initializer-5mgxf[0m
{"level":"info","ts":1587707476.3851807,"logger":"fallback-logger","caller":"logging/config.go:69","msg":"Fetch GitHub commit ID from kodata failed: open /var/run/ko/HEAD: no such file or directory"}
{"level":"info","ts":1587707476.3918595,"logger":"fallback-logger","caller":"bash/main.go:64","msg":"Successfully executed command \"sh -c mkdir -p /workspace/source\"; output "}

Showing logs for build [32mcb-kubecd-environment-pr-208-49-6nnjv-2[0m stage [32mfrom-build-pack[0m and container [32mstep-place-tools[0m

Showing logs for build [32mcb-kubecd-environment-pr-208-49-6nnjv-2[0m stage [32mfrom-build-pack[0m and container [32mstep-git-source-cb-kubecd-environment-pr-208-49-6nnjv-lkk2t[0m
{"level":"info","ts":1587707481.9579272,"logger":"fallback-logger","caller":"logging/config.go:69","msg":"Fetch GitHub commit ID from kodata failed: open /var/run/ko/refs/heads/0.8.0-ns-support: no such file or directory"}
{"level":"info","ts":1587707483.0909371,"logger":"fallback-logger","caller":"git/git.go:103","msg":"Successfully cloned https://github.com/cb-kubecd/environment-pr-208-49-boot-gke-staging.git @ master in path /workspace/source"}

Showing logs for build [32mcb-kubecd-environment-pr-208-49-6nnjv-2[0m stage [32mfrom-build-pack[0m and container [32mstep-git-merge[0m
Using SHAs from PULL_REFS=master:23496f83503bfd2fb358b39be474954d5d9a8bd2,8:1cea37146af87f0e20244afbaf0329ef9e99c158
DEBUG: LC_ALL=C JX_LOG_LEVEL=error git fetch origin --unshallow 1cea37146af87f0e20244afbaf0329ef9e99c158: 23496f83503bfd2fb358b39be474954d5d9a8bd2:
DEBUG: ran git fetch --unshallow origin 1cea37146af87f0e20244afbaf0329ef9e99c158: 23496f83503bfd2fb358b39be474954d5d9a8bd2: in 
DEBUG: LC_ALL=C JX_LOG_LEVEL=error git branch
DEBUG: JX_LOG_LEVEL=error LC_ALL=C git checkout master
DEBUG: ran git checkout master in 
DEBUG: LC_ALL=C JX_LOG_LEVEL=error git reset --hard 23496f83503bfd2fb358b39be474954d5d9a8bd2
DEBUG: ran git reset --hard 23496f83503bfd2fb358b39be474954d5d9a8bd2 in 
DEBUG: LC_ALL=C JX_LOG_LEVEL=error git clean -fd .
DEBUG: ran clean --force -d . in 
DEBUG: LC_ALL=C JX_LOG_LEVEL=error git merge 1cea37146af87f0e20244afbaf0329ef9e99c158
DEBUG: ran git merge 1cea37146af87f0e20244afbaf0329ef9e99c158 in 
DEBUG: JX_LOG_LEVEL=error LC_ALL=C git log --format=%H%x1f%an%x1f%ae%x1f%cn%x1f%ce%x1f%s%n%b%x1e 23496f83503bfd2fb358b39be474954d5d9a8bd2..HEAD
Merged SHA 1cea37146af87f0e20244afbaf0329ef9e99c158 with commit message 'chore: Promote bdd-sbrp-import-1587705628 to version 0.0.1' into base branch master

Showing logs for build [32mcb-kubecd-environment-pr-208-49-6nnjv-2[0m stage [32mfrom-build-pack[0m and container [32mstep-build-helm-build[0m
WARNING: No $CHART_REPOSITORY defined so using the default value of: http://jenkins-x-chartmuseum:8080
Adding missing Helm repo: storage.googleapis.com https://storage.googleapis.com/chartmuseum.jenkins-x.io
WARNING: No secrets found on "helm/repos" due: reading the secret "helm/repos" from vault: no secret "helm/repos" not found in vault
Read credentials for https://storage.googleapis.com/chartmuseum.jenkins-x.io from vault helm/repos
Successfully added Helm repository storage.googleapis.com.
Adding missing Helm repo: jenkins-x-chartmuseum http://jenkins-x-chartmuseum:8080
WARNING: No secrets found on "helm/repos" due: reading the secret "helm/repos" from vault: no secret "helm/repos" not found in vault
Read credentials for http://jenkins-x-chartmuseum:8080 from vault helm/repos
Successfully added Helm repository jenkins-x-chartmuseum.
WARNING: No $CHART_REPOSITORY defined so using the default value of: http://jenkins-x-chartmuseum:8080
Adding missing Helm repo: chartmuseum.jenkins-x.io http://chartmuseum.jenkins-x.io
WARNING: No secrets found on "helm/repos" due: reading the secret "helm/repos" from vault: no secret "helm/repos" not found in vault
Read credentials for http://chartmuseum.jenkins-x.io from vault helm/repos
Successfully added Helm repository chartmuseum.jenkins-x.io.
